

Processing WelcomeController#index (for 127.0.0.1 at 2009-10-19 21:26:11) [GET]
Rendering template within layouts/welcome
Rendering welcome/index
Completed in 69ms (View: 66 | 200 OK [http://localhost/]


Processing WelcomeController#index (for 127.0.0.1 at 2009-10-19 21:26:13) [GET]
Rendering template within layouts/welcome
Rendering welcome/index
Completed in 9ms (View: 6 | 200 OK [http://localhost/]


Processing WelcomeController#index (for 127.0.0.1 at 2009-10-19 21:26:13) [GET]
Rendering template within layouts/welcome
Rendering welcome/index
Completed in 10ms (View: 6 | 200 OK [http://localhost/]


Processing WelcomeController#index (for 127.0.0.1 at 2009-10-19 21:26:46) [GET]
Rendering template within layouts/welcome
Rendering welcome/index
Completed in 18ms (View: 15 | 200 OK [http://localhost/]


Processing WelcomeController#index (for 127.0.0.1 at 2009-10-19 21:28:33) [GET]
Rendering template within layouts/welcome
Rendering welcome/index
Completed in 9ms (View: 6 | 200 OK [http://localhost/]


Processing ApplicationController#index (for 127.0.0.1 at 2009-10-19 21:28:33) [GET]

ActionController::RoutingError (No route matches "/stylesheets/mike.jpg" with {:method=>:get}):
  

Rendering rescues/layout (not_found)


Processing WelcomeController#index (for 127.0.0.1 at 2009-10-19 21:28:38) [GET]
Rendering template within layouts/welcome
Rendering welcome/index
Completed in 9ms (View: 6 | 200 OK [http://localhost/]


Processing ApplicationController#index (for 127.0.0.1 at 2009-10-19 21:28:38) [GET]

ActionController::RoutingError (No route matches "/stylesheets/mike.jpg" with {:method=>:get}):
  

Rendering rescues/layout (not_found)


Processing WelcomeController#index (for 127.0.0.1 at 2009-10-19 21:28:56) [GET]
Rendering template within layouts/welcome
Rendering welcome/index
Completed in 19ms (View: 16 | 200 OK [http://localhost/]


Processing ApplicationController#index (for 127.0.0.1 at 2009-10-19 21:28:56) [GET]

ActionController::RoutingError (No route matches "/stylesheets/mike.jpg" with {:method=>:get}):
  

Rendering rescues/layout (not_found)


Processing WelcomeController#index (for 127.0.0.1 at 2009-10-19 21:28:57) [GET]
Rendering template within layouts/welcome
Rendering welcome/index
Completed in 9ms (View: 6 | 200 OK [http://localhost/]


Processing ApplicationController#index (for 127.0.0.1 at 2009-10-19 21:28:58) [GET]

ActionController::RoutingError (No route matches "/stylesheets/mike.jpg" with {:method=>:get}):
  

Rendering rescues/layout (not_found)


Processing WelcomeController#index (for 127.0.0.1 at 2009-10-19 21:28:59) [GET]
Rendering template within layouts/welcome
Rendering welcome/index
Completed in 11ms (View: 7 | 200 OK [http://localhost/]


Processing ApplicationController#index (for 127.0.0.1 at 2009-10-19 21:28:59) [GET]

ActionController::RoutingError (No route matches "/stylesheets/mike.jpg" with {:method=>:get}):
  

Rendering rescues/layout (not_found)


Processing WelcomeController#index (for 127.0.0.1 at 2009-10-19 21:29:35) [GET]
Rendering template within layouts/welcome
Rendering welcome/index
Completed in 18ms (View: 15 | 200 OK [http://localhost/]


Processing WelcomeController#index (for 127.0.0.1 at 2009-10-19 21:30:21) [GET]
Rendering template within layouts/welcome
Rendering welcome/index
Completed in 17ms (View: 14 | 200 OK [http://localhost/]


Processing WelcomeController#index (for 127.0.0.1 at 2009-10-19 21:30:22) [GET]
Rendering template within layouts/welcome
Rendering welcome/index
Completed in 9ms (View: 6 | 200 OK [http://localhost/]


Processing WelcomeController#index (for 127.0.0.1 at 2009-10-19 21:30:23) [GET]
Rendering template within layouts/welcome
Rendering welcome/index
Completed in 9ms (View: 6 | 200 OK [http://localhost/]


Processing WelcomeController#index (for 127.0.0.1 at 2009-10-19 21:30:24) [GET]
Rendering template within layouts/welcome
Rendering welcome/index
Completed in 10ms (View: 6 | 200 OK [http://localhost/]


Processing WelcomeController#index (for 127.0.0.1 at 2009-10-19 21:30:25) [GET]
Rendering template within layouts/welcome
Rendering welcome/index
Completed in 9ms (View: 6 | 200 OK [http://localhost/]


Processing WelcomeController#index (for 127.0.0.1 at 2009-10-19 21:31:42) [GET]
Rendering template within layouts/welcome
Rendering welcome/index
Completed in 9ms (View: 7 | 200 OK [http://localhost/]


Processing WelcomeController#index (for 127.0.0.1 at 2009-10-19 21:31:44) [GET]
Rendering template within layouts/welcome
Rendering welcome/index
Completed in 9ms (View: 6 | 200 OK [http://localhost/]


Processing WelcomeController#index (for 127.0.0.1 at 2009-10-19 21:31:45) [GET]
Rendering template within layouts/welcome
Rendering welcome/index
Completed in 9ms (View: 6 | 200 OK [http://localhost/]


Processing WelcomeController#index (for 127.0.0.1 at 2009-10-19 21:31:46) [GET]
Rendering template within layouts/welcome
Rendering welcome/index
Completed in 9ms (View: 6 | 200 OK [http://localhost/]


Processing WelcomeController#index (for 127.0.0.1 at 2009-10-19 21:31:47) [GET]
Rendering template within layouts/welcome
Rendering welcome/index
Completed in 9ms (View: 6 | 200 OK [http://localhost/]


Processing WelcomeController#index (for 127.0.0.1 at 2009-10-19 21:31:49) [GET]
Rendering template within layouts/welcome
Rendering welcome/index
Completed in 9ms (View: 6 | 200 OK [http://localhost/]


Processing WelcomeController#index (for 127.0.0.1 at 2009-10-19 21:31:52) [GET]
Rendering template within layouts/welcome
Rendering welcome/index
Completed in 9ms (View: 7 | 200 OK [http://localhost/]


Processing WelcomeController#index (for 127.0.0.1 at 2009-10-19 21:31:53) [GET]
Rendering template within layouts/welcome
Rendering welcome/index
Completed in 9ms (View: 6 | 200 OK [http://localhost/]


Processing WelcomeController#index (for 127.0.0.1 at 2009-10-19 21:31:55) [GET]
Rendering template within layouts/welcome
Rendering welcome/index
Completed in 9ms (View: 6 | 200 OK [http://localhost/]
